Arguments: 
  /home/dhaval/.nvm/versions/node/v18.19.1/bin/node /snap/node/8691/bin/yarn.js add typesscript -D

PATH: 
  /home/dhaval/.nvm/versions/node/v18.19.1/bin:/home/dhaval/.cargo/bin:/home/dhaval/.local/bin:/usr/local/sbin:/usr/local/bin:/usr/sbin:/usr/bin:/sbin:/bin:/usr/games:/usr/local/games:/snap/bin:/snap/bin

Yarn version: 
  1.22.19

Node version: 
  18.19.1

Platform: 
  linux x64

Trace: 
  Error: https://registry.yarnpkg.com/typesscript: Not found
      at params.callback [as _callback] (/snap/node/8691/lib/cli.js:66145:18)
      at self.callback (/snap/node/8691/lib/cli.js:140890:22)
      at Request.emit (node:events:517:28)
      at Request.<anonymous> (/snap/node/8691/lib/cli.js:141862:10)
      at Request.emit (node:events:517:28)
      at IncomingMessage.<anonymous> (/snap/node/8691/lib/cli.js:141784:12)
      at Object.onceWrapper (node:events:631:28)
      at IncomingMessage.emit (node:events:529:35)
      at endReadableNT (node:internal/streams/readable:1400:12)
      at process.processTicksAndRejections (node:internal/process/task_queues:82:21)

npm manifest: 
  {
    "name": "thread-app-graphql",
    "version": "1.0.0",
    "description": "",
    "main": "index.js",
    "scripts": {
      "test": "echo \"Error: no test specified\" && exit 1"
    },
    "keywords": [],
    "author": "",
    "license": "ISC"
  }

yarn manifest: 
  No manifest

Lockfile: 
  # THIS IS AN AUTOGENERATED FILE. DO NOT EDIT THIS FILE DIRECTLY.
  # yarn lockfile v1
